<?xml version="1.0" encoding="UTF-8"?>
<testng-results ignored="0" total="1" passed="0" failed="1" skipped="0">
  <reporter-output>
  </reporter-output>
  <suite started-at="2022-08-22T11:57:59 IST" name="Default suite" finished-at="2022-08-22T11:58:20 IST" duration-ms="20676">
    <groups>
    </groups>
    <test started-at="2022-08-22T11:57:59 IST" name="Default test" finished-at="2022-08-22T11:58:20 IST" duration-ms="20676">
      <class name="RMS.RMS">
        <test-method signature="main()[pri:0, instance:RMS.RMS@6253c26]" started-at="2022-08-22T11:57:59 IST" name="main" finished-at="2022-08-22T11:58:20 IST" duration-ms="20613" status="FAIL">
          <exception class="java.lang.StackOverflowError">
            <full-stacktrace>
              <![CDATA[java.lang.StackOverflowError
at org.openqa.selenium.remote.RemoteWebDriver.findElement(RemoteWebDriver.java:315)
at org.openqa.selenium.By$BaseW3CLocator.findElement(By.java:399)
at org.openqa.selenium.By$ByXPath.findElement(By.java:279)
at org.openqa.selenium.remote.RemoteWebDriver.findElement(RemoteWebDriver.java:315)
at org.openqa.selenium.By$BaseW3CLocator.findElement(By.java:399)
at org.openqa.selenium.By$ByXPath.findElement(By.java:279)
at org.openqa.selenium.remote.RemoteWebDriver.findElement(RemoteWebDriver.java:315)
at org.openqa.selenium.By$BaseW3CLocator.findElement(By.java:399)
at org.openqa.selenium.By$ByXPath.findElement(By.java:279)
at org.openqa.selenium.remote.RemoteWebDriver.findElement(RemoteWebDriver.java:315)
at org.openqa.selenium.By$BaseW3CLocator.findElement(By.java:399)
at org.openqa.selenium.By$ByXPath.findElement(By.java:279)
at org.openqa.selenium.remote.RemoteWebDriver.findElement(RemoteWebDriver.java:315)
at org.openqa.selenium.By$BaseW3CLocator.findElement(By.java:399)
at org.openqa.selenium.By$ByXPath.findElement(By.java:279)
at org.openqa.selenium.remote.RemoteWebDriver.findElement(RemoteWebDriver.java:315)
at org.openqa.selenium.By$BaseW3CLocator.findElement(By.java:399)
at org.openqa.selenium.By$ByXPath.findElement(By.java:279)
at org.openqa.selenium.remote.RemoteWebDriver.findElement(RemoteWebDriver.java:315)
at org.openqa.selenium.By$BaseW3CLocator.findElement(By.java:399)
at org.openqa.selenium.By$ByXPath.findElement(By.java:279)
at org.openqa.selenium.remote.RemoteWebDriver.findElement(RemoteWebDriver.java:315)
at org.openqa.selenium.By$BaseW3CLocator.findElement(By.java:399)
at org.openqa.selenium.By$ByXPath.findElement(By.java:279)
at org.openqa.selenium.remote.RemoteWebDriver.findElement(RemoteWebDriver.java:315)
at org.openqa.selenium.By$BaseW3CLocator.findElement(By.java:399)
at org.openqa.selenium.By$ByXPath.findElement(By.java:279)
at org.openqa.selenium.remote.RemoteWebDriver.findElement(RemoteWebDriver.java:315)
at org.openqa.selenium.By$BaseW3CLocator.findElement(By.java:399)
at org.openqa.selenium.By$ByXPath.findElement(By.java:279)
at org.openqa.selenium.remote.RemoteWebDriver.findElement(RemoteWebDriver.java:315)
at org.openqa.selenium.By$BaseW3CLocator.findElement(By.java:399)
at org.openqa.selenium.By$ByXPath.findElement(By.java:279)
at org.openqa.selenium.remote.RemoteWebDriver.findElement(RemoteWebDriver.java:315)
at org.openqa.selenium.By$BaseW3CLocator.findElement(By.java:399)
at org.openqa.selenium.By$ByXPath.findElement(By.java:279)
at org.openqa.selenium.remote.RemoteWebDriver.findElement(RemoteWebDriver.java:315)
at org.openqa.selenium.By$BaseW3CLocator.findElement(By.java:399)
at org.openqa.selenium.By$ByXPath.findElement(By.java:279)
at org.openqa.selenium.remote.RemoteWebDriver.findElement(RemoteWebDriver.java:315)
at org.openqa.selenium.By$BaseW3CLocator.findElement(By.java:399)
at org.openqa.selenium.By$ByXPath.findElement(By.java:279)
at org.openqa.selenium.remote.RemoteWebDriver.findElement(RemoteWebDriver.java:315)
at org.openqa.selenium.By$BaseW3CLocator.findElement(By.java:399)
at org.openqa.selenium.By$ByXPath.findElement(By.java:279)
at org.openqa.selenium.remote.RemoteWebDriver.findElement(RemoteWebDriver.java:315)
at org.openqa.selenium.By$BaseW3CLocator.findElement(By.java:399)
at org.openqa.selenium.By$ByXPath.findElement(By.java:279)
at org.openqa.selenium.remote.RemoteWebDriver.findElement(RemoteWebDriver.java:315)
at org.openqa.selenium.By$BaseW3CLocator.findElement(By.java:399)
at org.openqa.selenium.By$ByXPath.findElement(By.java:279)
at org.openqa.selenium.remote.RemoteWebDriver.findElement(RemoteWebDriver.java:315)
at org.openqa.selenium.By$BaseW3CLocator.findElement(By.java:399)
at org.openqa.selenium.By$ByXPath.findElement(By.java:279)
at org.openqa.selenium.remote.RemoteWebDriver.findElement(RemoteWebDriver.java:315)
at org.openqa.selenium.By$BaseW3CLocator.findElement(By.java:399)
at org.openqa.selenium.By$ByXPath.findElement(By.java:279)
at org.openqa.selenium.remote.RemoteWebDriver.findElement(RemoteWebDriver.java:315)
at org.openqa.selenium.By$BaseW3CLocator.findElement(By.java:399)
at org.openqa.selenium.By$ByXPath.findElement(By.java:279)
at org.openqa.selenium.remote.RemoteWebDriver.findElement(RemoteWebDriver.java:315)
at org.openqa.selenium.By$BaseW3CLocator.findElement(By.java:399)
at org.openqa.selenium.By$ByXPath.findElement(By.java:279)
at org.openqa.selenium.remote.RemoteWebDriver.findElement(RemoteWebDriver.java:315)
at org.openqa.selenium.By$BaseW3CLocator.findElement(By.java:399)
at org.openqa.selenium.By$ByXPath.findElement(By.java:279)
at org.openqa.selenium.remote.RemoteWebDriver.findElement(RemoteWebDriver.java:315)
at org.openqa.selenium.By$BaseW3CLocator.findElement(By.java:399)
at org.openqa.selenium.By$ByXPath.findElement(By.java:279)
at org.openqa.selenium.remote.RemoteWebDriver.findElement(RemoteWebDriver.java:315)
at org.openqa.selenium.By$BaseW3CLocator.findElement(By.java:399)
at org.openqa.selenium.By$ByXPath.findElement(By.java:279)
at org.openqa.selenium.remote.RemoteWebDriver.findElement(RemoteWebDriver.java:315)
at org.openqa.selenium.By$BaseW3CLocator.findElement(By.java:399)
at org.openqa.selenium.By$ByXPath.findElement(By.java:279)
at org.openqa.selenium.remote.RemoteWebDriver.findElement(RemoteWebDriver.java:315)
at org.openqa.selenium.By$BaseW3CLocator.findElement(By.java:399)
at org.openqa.selenium.By$ByXPath.findElement(By.java:279)
at org.openqa.selenium.remote.RemoteWebDriver.findElement(RemoteWebDriver.java:315)
at org.openqa.selenium.By$BaseW3CLocator.findElement(By.java:399)
at org.openqa.selenium.By$ByXPath.findElement(By.java:279)
at org.openqa.selenium.remote.RemoteWebDriver.findElement(RemoteWebDriver.java:315)
at org.openqa.selenium.By$BaseW3CLocator.findElement(By.java:399)
at org.openqa.selenium.By$ByXPath.findElement(By.java:279)
at org.openqa.selenium.remote.RemoteWebDriver.findElement(RemoteWebDriver.java:315)
at org.openqa.selenium.By$BaseW3CLocator.findElement(By.java:399)
at org.openqa.selenium.By$ByXPath.findElement(By.java:279)
at org.openqa.selenium.remote.RemoteWebDriver.findElement(RemoteWebDriver.java:315)
at org.openqa.selenium.By$BaseW3CLocator.findElement(By.java:399)
at org.openqa.selenium.By$ByXPath.findElement(By.java:279)
at org.openqa.selenium.remote.RemoteWebDriver.findElement(RemoteWebDriver.java:315)
at org.openqa.selenium.By$BaseW3CLocator.findElement(By.java:399)
at org.openqa.selenium.By$ByXPath.findElement(By.java:279)
at org.openqa.selenium.remote.RemoteWebDriver.findElement(RemoteWebDriver.java:315)
at org.openqa.selenium.By$BaseW3CLocator.findElement(By.java:399)
at org.openqa.selenium.By$ByXPath.findElement(By.java:279)
at org.openqa.selenium.remote.RemoteWebDriver.findElement(RemoteWebDriver.java:315)
at org.openqa.selenium.By$BaseW3CLocator.findElement(By.java:399)
at org.openqa.selenium.By$ByXPath.findElement(By.java:279)
at org.openqa.selenium.remote.RemoteWebDriver.findElement(RemoteWebDriver.java:315)
at org.openqa.selenium.By$BaseW3CLocator.findElement(By.java:399)
at org.openqa.selenium.By$ByXPath.findElement(By.java:279)
at org.openqa.selenium.remote.RemoteWebDriver.findElement(RemoteWebDriver.java:315)
at org.openqa.selenium.By$BaseW3CLocator.findElement(By.java:399)
at org.openqa.selenium.By$ByXPath.findElement(By.java:279)
at org.openqa.selenium.remote.RemoteWebDriver.findElement(RemoteWebDriver.java:315)
at org.openqa.selenium.By$BaseW3CLocator.findElement(By.java:399)
at org.openqa.selenium.By$ByXPath.findElement(By.java:279)
at org.openqa.selenium.remote.RemoteWebDriver.findElement(RemoteWebDriver.java:315)
at org.openqa.selenium.By$BaseW3CLocator.findElement(By.java:399)
at org.openqa.selenium.By$ByXPath.findElement(By.java:279)
at org.openqa.selenium.remote.RemoteWebDriver.findElement(RemoteWebDriver.java:315)
at org.openqa.selenium.By$BaseW3CLocator.findElement(By.java:399)
at org.openqa.selenium.By$ByXPath.findElement(By.java:279)
at org.openqa.selenium.remote.RemoteWebDriver.findElement(RemoteWebDriver.java:315)
at org.openqa.selenium.By$BaseW3CLocator.findElement(By.java:399)
at org.openqa.selenium.By$ByXPath.findElement(By.java:279)
at org.openqa.selenium.remote.RemoteWebDriver.findElement(RemoteWebDriver.java:315)
at org.openqa.selenium.By$BaseW3CLocator.findElement(By.java:399)
at org.openqa.selenium.By$ByXPath.findElement(By.java:279)
at org.openqa.selenium.remote.RemoteWebDriver.findElement(RemoteWebDriver.java:315)
at org.openqa.selenium.By$BaseW3CLocator.findElement(By.java:399)
at org.openqa.selenium.By$ByXPath.findElement(By.java:279)
at org.openqa.selenium.remote.RemoteWebDriver.findElement(RemoteWebDriver.java:315)
at org.openqa.selenium.By$BaseW3CLocator.findElement(By.java:399)
at org.openqa.selenium.By$ByXPath.findElement(By.java:279)
at org.openqa.selenium.remote.RemoteWebDriver.findElement(RemoteWebDriver.java:315)
at org.openqa.selenium.By$BaseW3CLocator.findElement(By.java:399)
at org.openqa.selenium.By$ByXPath.findElement(By.java:279)
at org.openqa.selenium.remote.RemoteWebDriver.findElement(RemoteWebDriver.java:315)
at org.openqa.selenium.By$BaseW3CLocator.findElement(By.java:399)
at org.openqa.selenium.By$ByXPath.findElement(By.java:279)
at org.openqa.selenium.remote.RemoteWebDriver.findElement(RemoteWebDriver.java:315)
at org.openqa.selenium.By$BaseW3CLocator.findElement(By.java:399)
at org.openqa.selenium.By$ByXPath.findElement(By.java:279)
at org.openqa.selenium.remote.RemoteWebDriver.findElement(RemoteWebDriver.java:315)
at org.openqa.selenium.By$BaseW3CLocator.findElement(By.java:399)
at org.openqa.selenium.By$ByXPath.findElement(By.java:279)
at org.openqa.selenium.remote.RemoteWebDriver.findElement(RemoteWebDriver.java:315)
at org.openqa.selenium.By$BaseW3CLocator.findElement(By.java:399)
at org.openqa.selenium.By$ByXPath.findElement(By.java:279)
at org.openqa.selenium.remote.RemoteWebDriver.findElement(RemoteWebDriver.java:315)
at org.openqa.selenium.By$BaseW3CLocator.findElement(By.java:399)
at org.openqa.selenium.By$ByXPath.findElement(By.java:279)
at org.openqa.selenium.remote.RemoteWebDriver.findElement(RemoteWebDriver.java:315)
at org.openqa.selenium.By$BaseW3CLocator.findElement(By.java:399)
at org.openqa.selenium.By$ByXPath.findElement(By.java:279)
at org.openqa.selenium.remote.RemoteWebDriver.findElement(RemoteWebDriver.java:315)
at org.openqa.selenium.By$BaseW3CLocator.findElement(By.java:399)
at org.openqa.selenium.By$ByXPath.findElement(By.java:279)
at org.openqa.selenium.remote.RemoteWebDriver.findElement(RemoteWebDriver.java:315)
at org.openqa.selenium.By$BaseW3CLocator.findElement(By.java:399)
at org.openqa.selenium.By$ByXPath.findElement(By.java:279)
at org.openqa.selenium.remote.RemoteWebDriver.findElement(RemoteWebDriver.java:315)
at org.openqa.selenium.By$BaseW3CLocator.findElement(By.java:399)
at org.openqa.selenium.By$ByXPath.findElement(By.java:279)
at org.openqa.selenium.remote.RemoteWebDriver.findElement(RemoteWebDriver.java:315)
at org.openqa.selenium.By$BaseW3CLocator.findElement(By.java:399)
at org.openqa.selenium.By$ByXPath.findElement(By.java:279)
at org.openqa.selenium.remote.RemoteWebDriver.findElement(RemoteWebDriver.java:315)
at org.openqa.selenium.By$BaseW3CLocator.findElement(By.java:399)
at org.openqa.selenium.By$ByXPath.findElement(By.java:279)
at org.openqa.selenium.remote.RemoteWebDriver.findElement(RemoteWebDriver.java:315)
at org.openqa.selenium.By$BaseW3CLocator.findElement(By.java:399)
at org.openqa.selenium.By$ByXPath.findElement(By.java:279)
at org.openqa.selenium.remote.RemoteWebDriver.findElement(RemoteWebDriver.java:315)
at org.openqa.selenium.By$BaseW3CLocator.findElement(By.java:399)
at org.openqa.selenium.By$ByXPath.findElement(By.java:279)
at org.openqa.selenium.remote.RemoteWebDriver.findElement(RemoteWebDriver.java:315)
at org.openqa.selenium.By$BaseW3CLocator.findElement(By.java:399)
at org.openqa.selenium.By$ByXPath.findElement(By.java:279)
at org.openqa.selenium.remote.RemoteWebDriver.findElement(RemoteWebDriver.java:315)
at org.openqa.selenium.By$BaseW3CLocator.findElement(By.java:399)
at org.openqa.selenium.By$ByXPath.findElement(By.java:279)
at org.openqa.selenium.remote.RemoteWebDriver.findElement(RemoteWebDriver.java:315)
at org.openqa.selenium.By$BaseW3CLocator.findElement(By.java:399)
at org.openqa.selenium.By$ByXPath.findElement(By.java:279)
at org.openqa.selenium.remote.RemoteWebDriver.findElement(RemoteWebDriver.java:315)
at org.openqa.selenium.By$BaseW3CLocator.findElement(By.java:399)
at org.openqa.selenium.By$ByXPath.findElement(By.java:279)
at org.openqa.selenium.remote.RemoteWebDriver.findElement(RemoteWebDriver.java:315)
at org.openqa.selenium.By$BaseW3CLocator.findElement(By.java:399)
at org.openqa.selenium.By$ByXPath.findElement(By.java:279)
at org.openqa.selenium.remote.RemoteWebDriver.findElement(RemoteWebDriver.java:315)
at org.openqa.selenium.By$BaseW3CLocator.findElement(By.java:399)
at org.openqa.selenium.By$ByXPath.findElement(By.java:279)
at org.openqa.selenium.remote.RemoteWebDriver.findElement(RemoteWebDriver.java:315)
at org.openqa.selenium.By$BaseW3CLocator.findElement(By.java:399)
at org.openqa.selenium.By$ByXPath.findElement(By.java:279)
at org.openqa.selenium.remote.RemoteWebDriver.findElement(RemoteWebDriver.java:315)
at org.openqa.selenium.By$BaseW3CLocator.findElement(By.java:399)
at org.openqa.selenium.By$ByXPath.findElement(By.java:279)
at org.openqa.selenium.remote.RemoteWebDriver.findElement(RemoteWebDriver.java:315)
at org.openqa.selenium.By$BaseW3CLocator.findElement(By.java:399)
at org.openqa.selenium.By$ByXPath.findElement(By.java:279)
at org.openqa.selenium.remote.RemoteWebDriver.findElement(RemoteWebDriver.java:315)
at org.openqa.selenium.By$BaseW3CLocator.findElement(By.java:399)
at org.openqa.selenium.By$ByXPath.findElement(By.java:279)
at org.openqa.selenium.remote.RemoteWebDriver.findElement(RemoteWebDriver.java:315)
at org.openqa.selenium.By$BaseW3CLocator.findElement(By.java:399)
at org.openqa.selenium.By$ByXPath.findElement(By.java:279)
at org.openqa.selenium.remote.RemoteWebDriver.findElement(RemoteWebDriver.java:315)
at org.openqa.selenium.By$BaseW3CLocator.findElement(By.java:399)
at org.openqa.selenium.By$ByXPath.findElement(By.java:279)
at org.openqa.selenium.remote.RemoteWebDriver.findElement(RemoteWebDriver.java:315)
at org.openqa.selenium.By$BaseW3CLocator.findElement(By.java:399)
at org.openqa.selenium.By$ByXPath.findElement(By.java:279)
at org.openqa.selenium.remote.RemoteWebDriver.findElement(RemoteWebDriver.java:315)
at org.openqa.selenium.By$BaseW3CLocator.findElement(By.java:399)
at org.openqa.selenium.By$ByXPath.findElement(By.java:279)
at org.openqa.selenium.remote.RemoteWebDriver.findElement(RemoteWebDriver.java:315)
at org.openqa.selenium.By$BaseW3CLocator.findElement(By.java:399)
at org.openqa.selenium.By$ByXPath.findElement(By.java:279)
at org.openqa.selenium.remote.RemoteWebDriver.findElement(RemoteWebDriver.java:315)
at org.openqa.selenium.By$BaseW3CLocator.findElement(By.java:399)
at org.openqa.selenium.By$ByXPath.findElement(By.java:279)
at org.openqa.selenium.remote.RemoteWebDriver.findElement(RemoteWebDriver.java:315)
at org.openqa.selenium.By$BaseW3CLocator.findElement(By.java:399)
at org.openqa.selenium.By$ByXPath.findElement(By.java:279)
at org.openqa.selenium.remote.RemoteWebDriver.findElement(RemoteWebDriver.java:315)
at org.openqa.selenium.By$BaseW3CLocator.findElement(By.java:399)
at org.openqa.selenium.By$ByXPath.findElement(By.java:279)
at org.openqa.selenium.remote.RemoteWebDriver.findElement(RemoteWebDriver.java:315)
at org.openqa.selenium.By$BaseW3CLocator.findElement(By.java:399)
at org.openqa.selenium.By$ByXPath.findElement(By.java:279)
at org.openqa.selenium.remote.RemoteWebDriver.findElement(RemoteWebDriver.java:315)
at org.openqa.selenium.By$BaseW3CLocator.findElement(By.java:399)
at org.openqa.selenium.By$ByXPath.findElement(By.java:279)
at org.openqa.selenium.remote.RemoteWebDriver.findElement(RemoteWebDriver.java:315)
at org.openqa.selenium.By$BaseW3CLocator.findElement(By.java:399)
at org.openqa.selenium.By$ByXPath.findElement(By.java:279)
at org.openqa.selenium.remote.RemoteWebDriver.findElement(RemoteWebDriver.java:315)
at org.openqa.selenium.By$BaseW3CLocator.findElement(By.java:399)
at org.openqa.selenium.By$ByXPath.findElement(By.java:279)
at org.openqa.selenium.remote.RemoteWebDriver.findElement(RemoteWebDriver.java:315)
at org.openqa.selenium.By$BaseW3CLocator.findElement(By.java:399)
at org.openqa.selenium.By$ByXPath.findElement(By.java:279)
at org.openqa.selenium.remote.RemoteWebDriver.findElement(RemoteWebDriver.java:315)
at org.openqa.selenium.By$BaseW3CLocator.findElement(By.java:399)
at org.openqa.selenium.By$ByXPath.findElement(By.java:279)
at org.openqa.selenium.remote.RemoteWebDriver.findElement(RemoteWebDriver.java:315)
at org.openqa.selenium.By$BaseW3CLocator.findElement(By.java:399)
at org.openqa.selenium.By$ByXPath.findElement(By.java:279)
at org.openqa.selenium.remote.RemoteWebDriver.findElement(RemoteWebDriver.java:315)
at org.openqa.selenium.By$BaseW3CLocator.findElement(By.java:399)
at org.openqa.selenium.By$ByXPath.findElement(By.java:279)
at org.openqa.selenium.remote.RemoteWebDriver.findElement(RemoteWebDriver.java:315)
at org.openqa.selenium.By$BaseW3CLocator.findElement(By.java:399)
at org.openqa.selenium.By$ByXPath.findElement(By.java:279)
at org.openqa.selenium.remote.RemoteWebDriver.findElement(RemoteWebDriver.java:315)
at org.openqa.selenium.By$BaseW3CLocator.findElement(By.java:399)
at org.openqa.selenium.By$ByXPath.findElement(By.java:279)
at org.openqa.selenium.remote.RemoteWebDriver.findElement(RemoteWebDriver.java:315)
at org.openqa.selenium.By$BaseW3CLocator.findElement(By.java:399)
at org.openqa.selenium.By$ByXPath.findElement(By.java:279)
at org.openqa.selenium.remote.RemoteWebDriver.findElement(RemoteWebDriver.java:315)
at org.openqa.selenium.By$BaseW3CLocator.findElement(By.java:399)
at org.openqa.selenium.By$ByXPath.findElement(By.java:279)
at org.openqa.selenium.remote.RemoteWebDriver.findElement(RemoteWebDriver.java:315)
at org.openqa.selenium.By$BaseW3CLocator.findElement(By.java:399)
at org.openqa.selenium.By$ByXPath.findElement(By.java:279)
at org.openqa.selenium.remote.RemoteWebDriver.findElement(RemoteWebDriver.java:315)
at org.openqa.selenium.By$BaseW3CLocator.findElement(By.java:399)
at org.openqa.selenium.By$ByXPath.findElement(By.java:279)
at org.openqa.selenium.remote.RemoteWebDriver.findElement(RemoteWebDriver.java:315)
at org.openqa.selenium.By$BaseW3CLocator.findElement(By.java:399)
at org.openqa.selenium.By$ByXPath.findElement(By.java:279)
at org.openqa.selenium.remote.RemoteWebDriver.findElement(RemoteWebDriver.java:315)
at org.openqa.selenium.By$BaseW3CLocator.findElement(By.java:399)
at org.openqa.selenium.By$ByXPath.findElement(By.java:279)
at org.openqa.selenium.remote.RemoteWebDriver.findElement(RemoteWebDriver.java:315)
at org.openqa.selenium.By$BaseW3CLocator.findElement(By.java:399)
at org.openqa.selenium.By$ByXPath.findElement(By.java:279)
at org.openqa.selenium.remote.RemoteWebDriver.findElement(RemoteWebDriver.java:315)
at org.openqa.selenium.By$BaseW3CLocator.findElement(By.java:399)
at org.openqa.selenium.By$ByXPath.findElement(By.java:279)
at org.openqa.selenium.remote.RemoteWebDriver.findElement(RemoteWebDriver.java:315)
at org.openqa.selenium.By$BaseW3CLocator.findElement(By.java:399)
at org.openqa.selenium.By$ByXPath.findElement(By.java:279)
at org.openqa.selenium.remote.RemoteWebDriver.findElement(RemoteWebDriver.java:315)
at org.openqa.selenium.By$BaseW3CLocator.findElement(By.java:399)
at org.openqa.selenium.By$ByXPath.findElement(By.java:279)
at org.openqa.selenium.remote.RemoteWebDriver.findElement(RemoteWebDriver.java:315)
at org.openqa.selenium.By$BaseW3CLocator.findElement(By.java:399)
at org.openqa.selenium.By$ByXPath.findElement(By.java:279)
at org.openqa.selenium.remote.RemoteWebDriver.findElement(RemoteWebDriver.java:315)
at org.openqa.selenium.By$BaseW3CLocator.findElement(By.java:399)
at org.openqa.selenium.By$ByXPath.findElement(By.java:279)
at org.openqa.selenium.remote.RemoteWebDriver.findElement(RemoteWebDriver.java:315)
at org.openqa.selenium.By$BaseW3CLocator.findElement(By.java:399)
at org.openqa.selenium.By$ByXPath.findElement(By.java:279)
at org.openqa.selenium.remote.RemoteWebDriver.findElement(RemoteWebDriver.java:315)
at org.openqa.selenium.By$BaseW3CLocator.findElement(By.java:399)
at org.openqa.selenium.By$ByXPath.findElement(By.java:279)
at org.openqa.selenium.remote.RemoteWebDriver.findElement(RemoteWebDriver.java:315)
at org.openqa.selenium.By$BaseW3CLocator.findElement(By.java:399)
at org.openqa.selenium.By$ByXPath.findElement(By.java:279)
at org.openqa.selenium.remote.RemoteWebDriver.findElement(RemoteWebDriver.java:315)
at org.openqa.selenium.By$BaseW3CLocator.findElement(By.java:399)
at org.openqa.selenium.By$ByXPath.findElement(By.java:279)
at org.openqa.selenium.remote.RemoteWebDriver.findElement(RemoteWebDriver.java:315)
at org.openqa.selenium.By$BaseW3CLocator.findElement(By.java:399)
at org.openqa.selenium.By$ByXPath.findElement(By.java:279)
at org.openqa.selenium.remote.RemoteWebDriver.findElement(RemoteWebDriver.java:315)
at org.openqa.selenium.By$BaseW3CLocator.findElement(By.java:399)
at org.openqa.selenium.By$ByXPath.findElement(By.java:279)
at org.openqa.selenium.remote.RemoteWebDriver.findElement(RemoteWebDriver.java:315)
at org.openqa.selenium.By$BaseW3CLocator.findElement(By.java:399)
at org.openqa.selenium.By$ByXPath.findElement(By.java:279)
at org.openqa.selenium.remote.RemoteWebDriver.findElement(RemoteWebDriver.java:315)
at org.openqa.selenium.By$BaseW3CLocator.findElement(By.java:399)
at org.openqa.selenium.By$ByXPath.findElement(By.java:279)
at org.openqa.selenium.remote.RemoteWebDriver.findElement(RemoteWebDriver.java:315)
at org.openqa.selenium.By$BaseW3CLocator.findElement(By.java:399)
at org.openqa.selenium.By$ByXPath.findElement(By.java:279)
at org.openqa.selenium.remote.RemoteWebDriver.findElement(RemoteWebDriver.java:315)
at org.openqa.selenium.By$BaseW3CLocator.findElement(By.java:399)
at org.openqa.selenium.By$ByXPath.findElement(By.java:279)
at org.openqa.selenium.remote.RemoteWebDriver.findElement(RemoteWebDriver.java:315)
at org.openqa.selenium.By$BaseW3CLocator.findElement(By.java:399)
at org.openqa.selenium.By$ByXPath.findElement(By.java:279)
at org.openqa.selenium.remote.RemoteWebDriver.findElement(RemoteWebDriver.java:315)
at org.openqa.selenium.By$BaseW3CLocator.findElement(By.java:399)
at org.openqa.selenium.By$ByXPath.findElement(By.java:279)
at org.openqa.selenium.remote.RemoteWebDriver.findElement(RemoteWebDriver.java:315)
at org.openqa.selenium.By$BaseW3CLocator.findElement(By.java:399)
at org.openqa.selenium.By$ByXPath.findElement(By.java:279)
at org.openqa.selenium.remote.RemoteWebDriver.findElement(RemoteWebDriver.java:315)
at org.openqa.selenium.By$BaseW3CLocator.findElement(By.java:399)
at org.openqa.selenium.By$ByXPath.findElement(By.java:279)
at org.openqa.selenium.remote.RemoteWebDriver.findElement(RemoteWebDriver.java:315)
at org.openqa.selenium.By$BaseW3CLocator.findElement(By.java:399)
at org.openqa.selenium.By$ByXPath.findElement(By.java:279)
at org.openqa.selenium.remote.RemoteWebDriver.findElement(RemoteWebDriver.java:315)
at org.openqa.selenium.By$BaseW3CLocator.findElement(By.java:399)
at org.openqa.selenium.By$ByXPath.findElement(By.java:279)
at org.openqa.selenium.remote.RemoteWebDriver.findElement(RemoteWebDriver.java:315)
at org.openqa.selenium.By$BaseW3CLocator.findElement(By.java:399)
at org.openqa.selenium.By$ByXPath.findElement(By.java:279)
at org.openqa.selenium.remote.RemoteWebDriver.findElement(RemoteWebDriver.java:315)
at org.openqa.selenium.By$BaseW3CLocator.findElement(By.java:399)
at org.openqa.selenium.By$ByXPath.findElement(By.java:279)
at org.openqa.selenium.remote.RemoteWebDriver.findElement(RemoteWebDriver.java:315)
at org.openqa.selenium.By$BaseW3CLocator.findElement(By.java:399)
at org.openqa.selenium.By$ByXPath.findElement(By.java:279)
at org.openqa.selenium.remote.RemoteWebDriver.findElement(RemoteWebDriver.java:315)
at org.openqa.selenium.By$BaseW3CLocator.findElement(By.java:399)
at org.openqa.selenium.By$ByXPath.findElement(By.java:279)
at org.openqa.selenium.remote.RemoteWebDriver.findElement(RemoteWebDriver.java:315)
at org.openqa.selenium.By$BaseW3CLocator.findElement(By.java:399)
at org.openqa.selenium.By$ByXPath.findElement(By.java:279)
at org.openqa.selenium.remote.RemoteWebDriver.findElement(RemoteWebDriver.java:315)
at org.openqa.selenium.By$BaseW3CLocator.findElement(By.java:399)
at org.openqa.selenium.By$ByXPath.findElement(By.java:279)
at org.openqa.selenium.remote.RemoteWebDriver.findElement(RemoteWebDriver.java:315)
at org.openqa.selenium.By$BaseW3CLocator.findElement(By.java:399)
at org.openqa.selenium.By$ByXPath.findElement(By.java:279)
at org.openqa.selenium.remote.RemoteWebDriver.findElement(RemoteWebDriver.java:315)
at org.openqa.selenium.By$BaseW3CLocator.findElement(By.java:399)
at org.openqa.selenium.By$ByXPath.findElement(By.java:279)
at org.openqa.selenium.remote.RemoteWebDriver.findElement(RemoteWebDriver.java:315)
at org.openqa.selenium.By$BaseW3CLocator.findElement(By.java:399)
at org.openqa.selenium.By$ByXPath.findElement(By.java:279)
at org.openqa.selenium.remote.RemoteWebDriver.findElement(RemoteWebDriver.java:315)
at org.openqa.selenium.By$BaseW3CLocator.findElement(By.java:399)
at org.openqa.selenium.By$ByXPath.findElement(By.java:279)
at org.openqa.selenium.remote.RemoteWebDriver.findElement(RemoteWebDriver.java:315)
at org.openqa.selenium.By$BaseW3CLocator.findElement(By.java:399)
at org.openqa.selenium.By$ByXPath.findElement(By.java:279)
at org.openqa.selenium.remote.RemoteWebDriver.findElement(RemoteWebDriver.java:315)
at org.openqa.selenium.By$BaseW3CLocator.findElement(By.java:399)
at org.openqa.selenium.By$ByXPath.findElement(By.java:279)
at org.openqa.selenium.remote.RemoteWebDriver.findElement(RemoteWebDriver.java:315)
at org.openqa.selenium.By$BaseW3CLocator.findElement(By.java:399)
at org.openqa.selenium.By$ByXPath.findElement(By.java:279)
at org.openqa.selenium.remote.RemoteWebDriver.findElement(RemoteWebDriver.java:315)
at org.openqa.selenium.By$BaseW3CLocator.findElement(By.java:399)
at org.openqa.selenium.By$ByXPath.findElement(By.java:279)
at org.openqa.selenium.remote.RemoteWebDriver.findElement(RemoteWebDriver.java:315)
at org.openqa.selenium.By$BaseW3CLocator.findElement(By.java:399)
at org.openqa.selenium.By$ByXPath.findElement(By.java:279)
at org.openqa.selenium.remote.RemoteWebDriver.findElement(RemoteWebDriver.java:315)
at org.openqa.selenium.By$BaseW3CLocator.findElement(By.java:399)
at org.openqa.selenium.By$ByXPath.findElement(By.java:279)
at org.openqa.selenium.remote.RemoteWebDriver.findElement(RemoteWebDriver.java:315)
at org.openqa.selenium.By$BaseW3CLocator.findElement(By.java:399)
at org.openqa.selenium.By$ByXPath.findElement(By.java:279)
at org.openqa.selenium.remote.RemoteWebDriver.findElement(RemoteWebDriver.java:315)
at org.openqa.selenium.By$BaseW3CLocator.findElement(By.java:399)
at org.openqa.selenium.By$ByXPath.findElement(By.java:279)
at org.openqa.selenium.remote.RemoteWebDriver.findElement(RemoteWebDriver.java:315)
at org.openqa.selenium.By$BaseW3CLocator.findElement(By.java:399)
at org.openqa.selenium.By$ByXPath.findElement(By.java:279)
at org.openqa.selenium.remote.RemoteWebDriver.findElement(RemoteWebDriver.java:315)
at org.openqa.selenium.By$BaseW3CLocator.findElement(By.java:399)
at org.openqa.selenium.By$ByXPath.findElement(By.java:279)
at org.openqa.selenium.remote.RemoteWebDriver.findElement(RemoteWebDriver.java:315)
at org.openqa.selenium.By$BaseW3CLocator.findElement(By.java:399)
at org.openqa.selenium.By$ByXPath.findElement(By.java:279)
at org.openqa.selenium.remote.RemoteWebDriver.findElement(RemoteWebDriver.java:315)
at org.openqa.selenium.By$BaseW3CLocator.findElement(By.java:399)
at org.openqa.selenium.By$ByXPath.findElement(By.java:279)
at org.openqa.selenium.remote.RemoteWebDriver.findElement(RemoteWebDriver.java:315)
at org.openqa.selenium.By$BaseW3CLocator.findElement(By.java:399)
at org.openqa.selenium.By$ByXPath.findElement(By.java:279)
at org.openqa.selenium.remote.RemoteWebDriver.findElement(RemoteWebDriver.java:315)
at org.openqa.selenium.By$BaseW3CLocator.findElement(By.java:399)
at org.openqa.selenium.By$ByXPath.findElement(By.java:279)
at org.openqa.selenium.remote.RemoteWebDriver.findElement(RemoteWebDriver.java:315)
at org.openqa.selenium.By$BaseW3CLocator.findElement(By.java:399)
at org.openqa.selenium.By$ByXPath.findElement(By.java:279)
at org.openqa.selenium.remote.RemoteWebDriver.findElement(RemoteWebDriver.java:315)
at org.openqa.selenium.By$BaseW3CLocator.findElement(By.java:399)
at org.openqa.selenium.By$ByXPath.findElement(By.java:279)
at org.openqa.selenium.remote.RemoteWebDriver.findElement(RemoteWebDriver.java:315)
at org.openqa.selenium.By$BaseW3CLocator.findElement(By.java:399)
at org.openqa.selenium.By$ByXPath.findElement(By.java:279)
at org.openqa.selenium.remote.RemoteWebDriver.findElement(RemoteWebDriver.java:315)
at org.openqa.selenium.By$BaseW3CLocator.findElement(By.java:399)
at org.openqa.selenium.By$ByXPath.findElement(By.java:279)
at org.openqa.selenium.remote.RemoteWebDriver.findElement(RemoteWebDriver.java:315)
at org.openqa.selenium.By$BaseW3CLocator.findElement(By.java:399)
at org.openqa.selenium.By$ByXPath.findElement(By.java:279)
at org.openqa.selenium.remote.RemoteWebDriver.findElement(RemoteWebDriver.java:315)
at org.openqa.selenium.By$BaseW3CLocator.findElement(By.java:399)
at org.openqa.selenium.By$ByXPath.findElement(By.java:279)
at org.openqa.selenium.remote.RemoteWebDriver.findElement(RemoteWebDriver.java:315)
at org.openqa.selenium.By$BaseW3CLocator.findElement(By.java:399)
at org.openqa.selenium.By$ByXPath.findElement(By.java:279)
at org.openqa.selenium.remote.RemoteWebDriver.findElement(RemoteWebDriver.java:315)
at org.openqa.selenium.By$BaseW3CLocator.findElement(By.java:399)
at org.openqa.selenium.By$ByXPath.findElement(By.java:279)
at org.openqa.selenium.remote.RemoteWebDriver.findElement(RemoteWebDriver.java:315)
at org.openqa.selenium.By$BaseW3CLocator.findElement(By.java:399)
at org.openqa.selenium.By$ByXPath.findElement(By.java:279)
at org.openqa.selenium.remote.RemoteWebDriver.findElement(RemoteWebDriver.java:315)
at org.openqa.selenium.By$BaseW3CLocator.findElement(By.java:399)
at org.openqa.selenium.By$ByXPath.findElement(By.java:279)
at org.openqa.selenium.remote.RemoteWebDriver.findElement(RemoteWebDriver.java:315)
at org.openqa.selenium.By$BaseW3CLocator.findElement(By.java:399)
at org.openqa.selenium.By$ByXPath.findElement(By.java:279)
at org.openqa.selenium.remote.RemoteWebDriver.findElement(RemoteWebDriver.java:315)
at org.openqa.selenium.By$BaseW3CLocator.findElement(By.java:399)
at org.openqa.selenium.By$ByXPath.findElement(By.java:279)
at org.openqa.selenium.remote.RemoteWebDriver.findElement(RemoteWebDriver.java:315)
at org.openqa.selenium.By$BaseW3CLocator.findElement(By.java:399)
at org.openqa.selenium.By$ByXPath.findElement(By.java:279)
at org.openqa.selenium.remote.RemoteWebDriver.findElement(RemoteWebDriver.java:315)
at org.openqa.selenium.By$BaseW3CLocator.findElement(By.java:399)
at org.openqa.selenium.By$ByXPath.findElement(By.java:279)
at org.openqa.selenium.remote.RemoteWebDriver.findElement(RemoteWebDriver.java:315)
at org.openqa.selenium.By$BaseW3CLocator.findElement(By.java:399)
at org.openqa.selenium.By$ByXPath.findElement(By.java:279)
at org.openqa.selenium.remote.RemoteWebDriver.findElement(RemoteWebDriver.java:315)
at org.openqa.selenium.By$BaseW3CLocator.findElement(By.java:399)
at org.openqa.selenium.By$ByXPath.findElement(By.java:279)
at org.openqa.selenium.remote.RemoteWebDriver.findElement(RemoteWebDriver.java:315)
at org.openqa.selenium.By$BaseW3CLocator.findElement(By.java:399)
at org.openqa.selenium.By$ByXPath.findElement(By.java:279)
at org.openqa.selenium.remote.RemoteWebDriver.findElement(RemoteWebDriver.java:315)
at org.openqa.selenium.By$BaseW3CLocator.findElement(By.java:399)
at org.openqa.selenium.By$ByXPath.findElement(By.java:279)
at org.openqa.selenium.remote.RemoteWebDriver.findElement(RemoteWebDriver.java:315)
at org.openqa.selenium.By$BaseW3CLocator.findElement(By.java:399)
at org.openqa.selenium.By$ByXPath.findElement(By.java:279)
at org.openqa.selenium.remote.RemoteWebDriver.findElement(RemoteWebDriver.java:315)
at org.openqa.selenium.By$BaseW3CLocator.findElement(By.java:399)
at org.openqa.selenium.By$ByXPath.findElement(By.java:279)
at org.openqa.selenium.remote.RemoteWebDriver.findElement(RemoteWebDriver.java:315)
at org.openqa.selenium.By$BaseW3CLocator.findElement(By.java:399)
at org.openqa.selenium.By$ByXPath.findElement(By.java:279)
at org.openqa.selenium.remote.RemoteWebDriver.findElement(RemoteWebDriver.java:315)
at org.openqa.selenium.By$BaseW3CLocator.findElement(By.java:399)
at org.openqa.selenium.By$ByXPath.findElement(By.java:279)
at org.openqa.selenium.remote.RemoteWebDriver.findElement(RemoteWebDriver.java:315)
at org.openqa.selenium.By$BaseW3CLocator.findElement(By.java:399)
at org.openqa.selenium.By$ByXPath.findElement(By.java:279)
at org.openqa.selenium.remote.RemoteWebDriver.findElement(RemoteWebDriver.java:315)
at org.openqa.selenium.By$BaseW3CLocator.findElement(By.java:399)
at org.openqa.selenium.By$ByXPath.findElement(By.java:279)
at org.openqa.selenium.remote.RemoteWebDriver.findElement(RemoteWebDriver.java:315)
at org.openqa.selenium.By$BaseW3CLocator.findElement(By.java:399)
at org.openqa.selenium.By$ByXPath.findElement(By.java:279)
at org.openqa.selenium.remote.RemoteWebDriver.findElement(RemoteWebDriver.java:315)
at org.openqa.selenium.By$BaseW3CLocator.findElement(By.java:399)
at org.openqa.selenium.By$ByXPath.findElement(By.java:279)
at org.openqa.selenium.remote.RemoteWebDriver.findElement(RemoteWebDriver.java:315)
at org.openqa.selenium.By$BaseW3CLocator.findElement(By.java:399)
at org.openqa.selenium.By$ByXPath.findElement(By.java:279)
at org.openqa.selenium.remote.RemoteWebDriver.findElement(RemoteWebDriver.java:315)
at org.openqa.selenium.By$BaseW3CLocator.findElement(By.java:399)
at org.openqa.selenium.By$ByXPath.findElement(By.java:279)
at org.openqa.selenium.remote.RemoteWebDriver.findElement(RemoteWebDriver.java:315)
at org.openqa.selenium.By$BaseW3CLocator.findElement(By.java:399)
at org.openqa.selenium.By$ByXPath.findElement(By.java:279)
at org.openqa.selenium.remote.RemoteWebDriver.findElement(RemoteWebDriver.java:315)
at org.openqa.selenium.By$BaseW3CLocator.findElement(By.java:399)
at org.openqa.selenium.By$ByXPath.findElement(By.java:279)
at org.openqa.selenium.remote.RemoteWebDriver.findElement(RemoteWebDriver.java:315)
at org.openqa.selenium.By$BaseW3CLocator.findElement(By.java:399)
at org.openqa.selenium.By$ByXPath.findElement(By.java:279)
at org.openqa.selenium.remote.RemoteWebDriver.findElement(RemoteWebDriver.java:315)
at org.openqa.selenium.By$BaseW3CLocator.findElement(By.java:399)
at org.openqa.selenium.By$ByXPath.findElement(By.java:279)
at org.openqa.selenium.remote.RemoteWebDriver.findElement(RemoteWebDriver.java:315)
at org.openqa.selenium.By$BaseW3CLocator.findElement(By.java:399)
at org.openqa.selenium.By$ByXPath.findElement(By.java:279)
at org.openqa.selenium.remote.RemoteWebDriver.findElement(RemoteWebDriver.java:315)
at org.openqa.selenium.By$BaseW3CLocator.findElement(By.java:399)
at org.openqa.selenium.By$ByXPath.findElement(By.java:279)
at org.openqa.selenium.remote.RemoteWebDriver.findElement(RemoteWebDriver.java:315)
at org.openqa.selenium.By$BaseW3CLocator.findElement(By.java:399)
at org.openqa.selenium.By$ByXPath.findElement(By.java:279)
at org.openqa.selenium.remote.RemoteWebDriver.findElement(RemoteWebDriver.java:315)
at org.openqa.selenium.By$BaseW3CLocator.findElement(By.java:399)
at org.openqa.selenium.By$ByXPath.findElement(By.java:279)
at org.openqa.selenium.remote.RemoteWebDriver.findElement(RemoteWebDriver.java:315)
at org.openqa.selenium.By$BaseW3CLocator.findElement(By.java:399)
at org.openqa.selenium.By$ByXPath.findElement(By.java:279)
at org.openqa.selenium.remote.RemoteWebDriver.findElement(RemoteWebDriver.java:315)
at org.openqa.selenium.By$BaseW3CLocator.findElement(By.java:399)
at org.openqa.selenium.By$ByXPath.findElement(By.java:279)
at org.openqa.selenium.remote.RemoteWebDriver.findElement(RemoteWebDriver.java:315)
at org.openqa.selenium.By$BaseW3CLocator.findElement(By.java:399)
at org.openqa.selenium.By$ByXPath.findElement(By.java:279)
at org.openqa.selenium.remote.RemoteWebDriver.findElement(RemoteWebDriver.java:315)
at org.openqa.selenium.By$BaseW3CLocator.findElement(By.java:399)
at org.openqa.selenium.By$ByXPath.findElement(By.java:279)
at org.openqa.selenium.remote.RemoteWebDriver.findElement(RemoteWebDriver.java:315)
at org.openqa.selenium.By$BaseW3CLocator.findElement(By.java:399)
at org.openqa.selenium.By$ByXPath.findElement(By.java:279)
at org.openqa.selenium.remote.RemoteWebDriver.findElement(RemoteWebDriver.java:315)
at org.openqa.selenium.By$BaseW3CLocator.findElement(By.java:399)
at org.openqa.selenium.By$ByXPath.findElement(By.java:279)
at org.openqa.selenium.remote.RemoteWebDriver.findElement(RemoteWebDriver.java:315)
at org.openqa.selenium.By$BaseW3CLocator.findElement(By.java:399)
at org.openqa.selenium.By$ByXPath.findElement(By.java:279)
at org.openqa.selenium.remote.RemoteWebDriver.findElement(RemoteWebDriver.java:315)
at org.openqa.selenium.By$BaseW3CLocator.findElement(By.java:399)
at org.openqa.selenium.By$ByXPath.findElement(By.java:279)
at org.openqa.selenium.remote.RemoteWebDriver.findElement(RemoteWebDriver.java:315)
at org.openqa.selenium.By$BaseW3CLocator.findElement(By.java:399)
at org.openqa.selenium.By$ByXPath.findElement(By.java:279)
at org.openqa.selenium.remote.RemoteWebDriver.findElement(RemoteWebDriver.java:315)
at org.openqa.selenium.By$BaseW3CLocator.findElement(By.java:399)
at org.openqa.selenium.By$ByXPath.findElement(By.java:279)
at org.openqa.selenium.remote.RemoteWebDriver.findElement(RemoteWebDriver.java:315)
at org.openqa.selenium.By$BaseW3CLocator.findElement(By.java:399)
at org.openqa.selenium.By$ByXPath.findElement(By.java:279)
at org.openqa.selenium.remote.RemoteWebDriver.findElement(RemoteWebDriver.java:315)
at org.openqa.selenium.By$BaseW3CLocator.findElement(By.java:399)
at org.openqa.selenium.By$ByXPath.findElement(By.java:279)
at org.openqa.selenium.remote.RemoteWebDriver.findElement(RemoteWebDriver.java:315)
at org.openqa.selenium.By$BaseW3CLocator.findElement(By.java:399)
at org.openqa.selenium.By$ByXPath.findElement(By.java:279)
at org.openqa.selenium.remote.RemoteWebDriver.findElement(RemoteWebDriver.java:315)
at org.openqa.selenium.By$BaseW3CLocator.findElement(By.java:399)
at org.openqa.selenium.By$ByXPath.findElement(By.java:279)
at org.openqa.selenium.remote.RemoteWebDriver.findElement(RemoteWebDriver.java:315)
at org.openqa.selenium.By$BaseW3CLocator.findElement(By.java:399)
at org.openqa.selenium.By$ByXPath.findElement(By.java:279)
at org.openqa.selenium.remote.RemoteWebDriver.findElement(RemoteWebDriver.java:315)
at org.openqa.selenium.By$BaseW3CLocator.findElement(By.java:399)
at org.openqa.selenium.By$ByXPath.findElement(By.java:279)
at org.openqa.selenium.remote.RemoteWebDriver.findElement(RemoteWebDriver.java:315)
at org.openqa.selenium.By$BaseW3CLocator.findElement(By.java:399)
at org.openqa.selenium.By$ByXPath.findElement(By.java:279)
at org.openqa.selenium.remote.RemoteWebDriver.findElement(RemoteWebDriver.java:315)
at org.openqa.selenium.By$BaseW3CLocator.findElement(By.java:399)
at org.openqa.selenium.By$ByXPath.findElement(By.java:279)
at org.openqa.selenium.remote.RemoteWebDriver.findElement(RemoteWebDriver.java:315)
at org.openqa.selenium.By$BaseW3CLocator.findElement(By.java:399)
at org.openqa.selenium.By$ByXPath.findElement(By.java:279)
at org.openqa.selenium.remote.RemoteWebDriver.findElement(RemoteWebDriver.java:315)
at org.openqa.selenium.By$BaseW3CLocator.findElement(By.java:399)
at org.openqa.selenium.By$ByXPath.findElement(By.java:279)
at org.openqa.selenium.remote.RemoteWebDriver.findElement(RemoteWebDriver.java:315)
at org.openqa.selenium.By$BaseW3CLocator.findElement(By.java:399)
at org.openqa.selenium.By$ByXPath.findElement(By.java:279)
at org.openqa.selenium.remote.RemoteWebDriver.findElement(RemoteWebDriver.java:315)
at org.openqa.selenium.By$BaseW3CLocator.findElement(By.java:399)
at org.openqa.selenium.By$ByXPath.findElement(By.java:279)
at org.openqa.selenium.remote.RemoteWebDriver.findElement(RemoteWebDriver.java:315)
at org.openqa.selenium.By$BaseW3CLocator.findElement(By.java:399)
at org.openqa.selenium.By$ByXPath.findElement(By.java:279)
at org.openqa.selenium.remote.RemoteWebDriver.findElement(RemoteWebDriver.java:315)
at org.openqa.selenium.By$BaseW3CLocator.findElement(By.java:399)
at org.openqa.selenium.By$ByXPath.findElement(By.java:279)
at org.openqa.selenium.remote.RemoteWebDriver.findElement(RemoteWebDriver.java:315)
at org.openqa.selenium.By$BaseW3CLocator.findElement(By.java:399)
at org.openqa.selenium.By$ByXPath.findElement(By.java:279)
at org.openqa.selenium.remote.RemoteWebDriver.findElement(RemoteWebDriver.java:315)
at org.openqa.selenium.By$BaseW3CLocator.findElement(By.java:399)
at org.openqa.selenium.By$ByXPath.findElement(By.java:279)
at org.openqa.selenium.remote.RemoteWebDriver.findElement(RemoteWebDriver.java:315)
at org.openqa.selenium.By$BaseW3CLocator.findElement(By.java:399)
at org.openqa.selenium.By$ByXPath.findElement(By.java:279)
at org.openqa.selenium.remote.RemoteWebDriver.findElement(RemoteWebDriver.java:315)
at org.openqa.selenium.By$BaseW3CLocator.findElement(By.java:399)
at org.openqa.selenium.By$ByXPath.findElement(By.java:279)
at org.openqa.selenium.remote.RemoteWebDriver.findElement(RemoteWebDriver.java:315)
at org.openqa.selenium.By$BaseW3CLocator.findElement(By.java:399)
at org.openqa.selenium.By$ByXPath.findElement(By.java:279)
at org.openqa.selenium.remote.RemoteWebDriver.findElement(RemoteWebDriver.java:315)
at org.openqa.selenium.By$BaseW3CLocator.findElement(By.java:399)
at org.openqa.selenium.By$ByXPath.findElement(By.java:279)
at org.openqa.selenium.remote.RemoteWebDriver.findElement(RemoteWebDriver.java:315)
at org.openqa.selenium.By$BaseW3CLocator.findElement(By.java:399)
at org.openqa.selenium.By$ByXPath.findElement(By.java:279)
at org.openqa.selenium.remote.RemoteWebDriver.findElement(RemoteWebDriver.java:315)
at org.openqa.selenium.By$BaseW3CLocator.findElement(By.java:399)
at org.openqa.selenium.By$ByXPath.findElement(By.java:279)
at org.openqa.selenium.remote.RemoteWebDriver.findElement(RemoteWebDriver.java:315)
at org.openqa.selenium.By$BaseW3CLocator.findElement(By.java:399)
at org.openqa.selenium.By$ByXPath.findElement(By.java:279)
at org.openqa.selenium.remote.RemoteWebDriver.findElement(RemoteWebDriver.java:315)
at org.openqa.selenium.By$BaseW3CLocator.findElement(By.java:399)
at org.openqa.selenium.By$ByXPath.findElement(By.java:279)
at org.openqa.selenium.remote.RemoteWebDriver.findElement(RemoteWebDriver.java:315)
at org.openqa.selenium.By$BaseW3CLocator.findElement(By.java:399)
at org.openqa.selenium.By$ByXPath.findElement(By.java:279)
at org.openqa.selenium.remote.RemoteWebDriver.findElement(RemoteWebDriver.java:315)
at org.openqa.selenium.By$BaseW3CLocator.findElement(By.java:399)
at org.openqa.selenium.By$ByXPath.findElement(By.java:279)
at org.openqa.selenium.remote.RemoteWebDriver.findElement(RemoteWebDriver.java:315)
at org.openqa.selenium.By$BaseW3CLocator.findElement(By.java:399)
at org.openqa.selenium.By$ByXPath.findElement(By.java:279)
at org.openqa.selenium.remote.RemoteWebDriver.findElement(RemoteWebDriver.java:315)
at org.openqa.selenium.By$BaseW3CLocator.findElement(By.java:399)
at org.openqa.selenium.By$ByXPath.findElement(By.java:279)
at org.openqa.selenium.remote.RemoteWebDriver.findElement(RemoteWebDriver.java:315)
at org.openqa.selenium.By$BaseW3CLocator.findElement(By.java:399)
at org.openqa.selenium.By$ByXPath.findElement(By.java:279)
at org.openqa.selenium.remote.RemoteWebDriver.findElement(RemoteWebDriver.java:315)
at org.openqa.selenium.By$BaseW3CLocator.findElement(By.java:399)
at org.openqa.selenium.By$ByXPath.findElement(By.java:279)
at org.openqa.selenium.remote.RemoteWebDriver.findElement(RemoteWebDriver.java:315)
at org.openqa.selenium.By$BaseW3CLocator.findElement(By.java:399)
at org.openqa.selenium.By$ByXPath.findElement(By.java:279)
at org.openqa.selenium.remote.RemoteWebDriver.findElement(RemoteWebDriver.java:315)
at org.openqa.selenium.By$BaseW3CLocator.findElement(By.java:399)
at org.openqa.selenium.By$ByXPath.findElement(By.java:279)
at org.openqa.selenium.remote.RemoteWebDriver.findElement(RemoteWebDriver.java:315)
at org.openqa.selenium.By$BaseW3CLocator.findElement(By.java:399)
at org.openqa.selenium.By$ByXPath.findElement(By.java:279)
at org.openqa.selenium.remote.RemoteWebDriver.findElement(RemoteWebDriver.java:315)
at org.openqa.selenium.By$BaseW3CLocator.findElement(By.java:399)
at org.openqa.selenium.By$ByXPath.findElement(By.java:279)
at org.openqa.selenium.remote.RemoteWebDriver.findElement(RemoteWebDriver.java:315)
at org.openqa.selenium.By$BaseW3CLocator.findElement(By.java:399)
at org.openqa.selenium.By$ByXPath.findElement(By.java:279)
at org.openqa.selenium.remote.RemoteWebDriver.findElement(RemoteWebDriver.java:315)
at org.openqa.selenium.By$BaseW3CLocator.findElement(By.java:399)
at org.openqa.selenium.By$ByXPath.findElement(By.java:279)
at org.openqa.selenium.remote.RemoteWebDriver.findElement(RemoteWebDriver.java:315)
at org.openqa.selenium.By$BaseW3CLocator.findElement(By.java:399)
at org.openqa.selenium.By$ByXPath.findElement(By.java:279)
at org.openqa.selenium.remote.RemoteWebDriver.findElement(RemoteWebDriver.java:315)
at org.openqa.selenium.By$BaseW3CLocator.findElement(By.java:399)
at org.openqa.selenium.By$ByXPath.findElement(By.java:279)
at org.openqa.selenium.remote.RemoteWebDriver.findElement(RemoteWebDriver.java:315)
at org.openqa.selenium.By$BaseW3CLocator.findElement(By.java:399)
at org.openqa.selenium.By$ByXPath.findElement(By.java:279)
at org.openqa.selenium.remote.RemoteWebDriver.findElement(RemoteWebDriver.java:315)
at org.openqa.selenium.By$BaseW3CLocator.findElement(By.java:399)
at org.openqa.selenium.By$ByXPath.findElement(By.java:279)
at org.openqa.selenium.remote.RemoteWebDriver.findElement(RemoteWebDriver.java:315)
at org.openqa.selenium.By$BaseW3CLocator.findElement(By.java:399)
at org.openqa.selenium.By$ByXPath.findElement(By.java:279)
at org.openqa.selenium.remote.RemoteWebDriver.findElement(RemoteWebDriver.java:315)
at org.openqa.selenium.By$BaseW3CLocator.findElement(By.java:399)
at org.openqa.selenium.By$ByXPath.findElement(By.java:279)
at org.openqa.selenium.remote.RemoteWebDriver.findElement(RemoteWebDriver.java:315)
at org.openqa.selenium.By$BaseW3CLocator.findElement(By.java:399)
at org.openqa.selenium.By$ByXPath.findElement(By.java:279)
at org.openqa.selenium.remote.RemoteWebDriver.findElement(RemoteWebDriver.java:315)
at org.openqa.selenium.By$BaseW3CLocator.findElement(By.java:399)
at org.openqa.selenium.By$ByXPath.findElement(By.java:279)
at org.openqa.selenium.remote.RemoteWebDriver.findElement(RemoteWebDriver.java:315)
at org.openqa.selenium.By$BaseW3CLocator.findElement(By.java:399)
at org.openqa.selenium.By$ByXPath.findElement(By.java:279)
at org.openqa.selenium.remote.RemoteWebDriver.findElement(RemoteWebDriver.java:315)
at org.openqa.selenium.By$BaseW3CLocator.findElement(By.java:399)
at org.openqa.selenium.By$ByXPath.findElement(By.java:279)
at org.openqa.selenium.remote.RemoteWebDriver.findElement(RemoteWebDriver.java:315)
at org.openqa.selenium.By$BaseW3CLocator.findElement(By.java:399)
at org.openqa.selenium.By$ByXPath.findElement(By.java:279)
at org.openqa.selenium.remote.RemoteWebDriver.findElement(RemoteWebDriver.java:315)
at org.openqa.selenium.By$BaseW3CLocator.findElement(By.java:399)
at org.openqa.selenium.By$ByXPath.findElement(By.java:279)
at org.openqa.selenium.remote.RemoteWebDriver.findElement(RemoteWebDriver.java:315)
at org.openqa.selenium.By$BaseW3CLocator.findElement(By.java:399)
at org.openqa.selenium.By$ByXPath.findElement(By.java:279)
at org.openqa.selenium.remote.RemoteWebDriver.findElement(RemoteWebDriver.java:315)
at org.openqa.selenium.By$BaseW3CLocator.findElement(By.java:399)
at org.openqa.selenium.By$ByXPath.findElement(By.java:279)
at org.openqa.selenium.remote.RemoteWebDriver.findElement(RemoteWebDriver.java:315)
at org.openqa.selenium.By$BaseW3CLocator.findElement(By.java:399)
at org.openqa.selenium.By$ByXPath.findElement(By.java:279)
at org.openqa.selenium.remote.RemoteWebDriver.findElement(RemoteWebDriver.java:315)
at org.openqa.selenium.By$BaseW3CLocator.findElement(By.java:399)
at org.openqa.selenium.By$ByXPath.findElement(By.java:279)
at org.openqa.selenium.remote.RemoteWebDriver.findElement(RemoteWebDriver.java:315)
at org.openqa.selenium.By$BaseW3CLocator.findElement(By.java:399)
at org.openqa.selenium.By$ByXPath.findElement(By.java:279)
at org.openqa.selenium.remote.RemoteWebDriver.findElement(RemoteWebDriver.java:315)
at org.openqa.selenium.By$BaseW3CLocator.findElement(By.java:399)
at org.openqa.selenium.By$ByXPath.findElement(By.java:279)
at org.openqa.selenium.remote.RemoteWebDriver.findElement(RemoteWebDriver.java:315)
at org.openqa.selenium.By$BaseW3CLocator.findElement(By.java:399)
at org.openqa.selenium.By$ByXPath.findElement(By.java:279)
at org.openqa.selenium.remote.RemoteWebDriver.findElement(RemoteWebDriver.java:315)
at org.openqa.selenium.By$BaseW3CLocator.findElement(By.java:399)
at org.openqa.selenium.By$ByXPath.findElement(By.java:279)
at org.openqa.selenium.remote.RemoteWebDriver.findElement(RemoteWebDriver.java:315)
at org.openqa.selenium.By$BaseW3CLocator.findElement(By.java:399)
at org.openqa.selenium.By$ByXPath.findElement(By.java:279)
at org.openqa.selenium.remote.RemoteWebDriver.findElement(RemoteWebDriver.java:315)
at org.openqa.selenium.By$BaseW3CLocator.findElement(By.java:399)
at org.openqa.selenium.By$ByXPath.findElement(By.java:279)
at org.openqa.selenium.remote.RemoteWebDriver.findElement(RemoteWebDriver.java:315)
at org.openqa.selenium.By$BaseW3CLocator.findElement(By.java:399)
at org.openqa.selenium.By$ByXPath.findElement(By.java:279)
at org.openqa.selenium.remote.RemoteWebDriver.findElement(RemoteWebDriver.java:315)
at org.openqa.selenium.By$BaseW3CLocator.findElement(By.java:399)
at org.openqa.selenium.By$ByXPath.findElement(By.java:279)
at org.openqa.selenium.remote.RemoteWebDriver.findElement(RemoteWebDriver.java:315)
at org.openqa.selenium.By$BaseW3CLocator.findElement(By.java:399)
at org.openqa.selenium.By$ByXPath.findElement(By.java:279)
at org.openqa.selenium.remote.RemoteWebDriver.findElement(RemoteWebDriver.java:315)
at org.openqa.selenium.By$BaseW3CLocator.findElement(By.java:399)
at org.openqa.selenium.By$ByXPath.findElement(By.java:279)
at org.openqa.selenium.remote.RemoteWebDriver.findElement(RemoteWebDriver.java:315)
at org.openqa.selenium.By$BaseW3CLocator.findElement(By.java:399)
at org.openqa.selenium.By$ByXPath.findElement(By.java:279)
at org.openqa.selenium.remote.RemoteWebDriver.findElement(RemoteWebDriver.java:315)
at org.openqa.selenium.By$BaseW3CLocator.findElement(By.java:399)
at org.openqa.selenium.By$ByXPath.findElement(By.java:279)
at org.openqa.selenium.remote.RemoteWebDriver.findElement(RemoteWebDriver.java:315)
at org.openqa.selenium.By$BaseW3CLocator.findElement(By.java:399)
at org.openqa.selenium.By$ByXPath.findElement(By.java:279)
at org.openqa.selenium.remote.RemoteWebDriver.findElement(RemoteWebDriver.java:315)
at org.openqa.selenium.By$BaseW3CLocator.findElement(By.java:399)
at org.openqa.selenium.By$ByXPath.findElement(By.java:279)
at org.openqa.selenium.remote.RemoteWebDriver.findElement(RemoteWebDriver.java:315)
at org.openqa.selenium.By$BaseW3CLocator.findElement(By.java:399)
at org.openqa.selenium.By$ByXPath.findElement(By.java:279)
at org.openqa.selenium.remote.RemoteWebDriver.findElement(RemoteWebDriver.java:315)
at org.openqa.selenium.By$BaseW3CLocator.findElement(By.java:399)
at org.openqa.selenium.By$ByXPath.findElement(By.java:279)
at org.openqa.selenium.remote.RemoteWebDriver.findElement(RemoteWebDriver.java:315)
at org.openqa.selenium.By$BaseW3CLocator.findElement(By.java:399)
at org.openqa.selenium.By$ByXPath.findElement(By.java:279)
at org.openqa.selenium.remote.RemoteWebDriver.findElement(RemoteWebDriver.java:315)
at org.openqa.selenium.By$BaseW3CLocator.findElement(By.java:399)
at org.openqa.selenium.By$ByXPath.findElement(By.java:279)
at org.openqa.selenium.remote.RemoteWebDriver.findElement(RemoteWebDriver.java:315)
at org.openqa.selenium.By$BaseW3CLocator.findElement(By.java:399)
at org.openqa.selenium.By$ByXPath.findElement(By.java:279)
at org.openqa.selenium.remote.RemoteWebDriver.findElement(RemoteWebDriver.java:315)
at org.openqa.selenium.By$BaseW3CLocator.findElement(By.java:399)
at org.openqa.selenium.By$ByXPath.findElement(By.java:279)
at org.openqa.selenium.remote.RemoteWebDriver.findElement(RemoteWebDriver.java:315)
at org.openqa.selenium.By$BaseW3CLocator.findElement(By.java:399)
at org.openqa.selenium.By$ByXPath.findElement(By.java:279)
at org.openqa.selenium.remote.RemoteWebDriver.findElement(RemoteWebDriver.java:315)
at org.openqa.selenium.By$BaseW3CLocator.findElement(By.java:399)
at org.openqa.selenium.By$ByXPath.findElement(By.java:279)
at org.openqa.selenium.remote.RemoteWebDriver.findElement(RemoteWebDriver.java:315)
at org.openqa.selenium.By$BaseW3CLocator.findElement(By.java:399)
at org.openqa.selenium.By$ByXPath.findElement(By.java:279)
at org.openqa.selenium.remote.RemoteWebDriver.findElement(RemoteWebDriver.java:315)
at org.openqa.selenium.By$BaseW3CLocator.findElement(By.java:399)
at org.openqa.selenium.By$ByXPath.findElement(By.java:279)
at org.openqa.selenium.remote.RemoteWebDriver.findElement(RemoteWebDriver.java:315)
at org.openqa.selenium.By$BaseW3CLocator.findElement(By.java:399)
at org.openqa.selenium.By$ByXPath.findElement(By.java:279)
at org.openqa.selenium.remote.RemoteWebDriver.findElement(RemoteWebDriver.java:315)
at org.openqa.selenium.By$BaseW3CLocator.findElement(By.java:399)
at org.openqa.selenium.By$ByXPath.findElement(By.java:279)
at org.openqa.selenium.remote.RemoteWebDriver.findElement(RemoteWebDriver.java:315)
at org.openqa.selenium.By$BaseW3CLocator.findElement(By.java:399)
at org.openqa.selenium.By$ByXPath.findElement(By.java:279)
at org.openqa.selenium.remote.RemoteWebDriver.findElement(RemoteWebDriver.java:315)
at org.openqa.selenium.By$BaseW3CLocator.findElement(By.java:399)
at org.openqa.selenium.By$ByXPath.findElement(By.java:279)
at org.openqa.selenium.remote.RemoteWebDriver.findElement(RemoteWebDriver.java:315)
at org.openqa.selenium.By$BaseW3CLocator.findElement(By.java:399)
at org.openqa.selenium.By$ByXPath.findElement(By.java:279)
at org.openqa.selenium.remote.RemoteWebDriver.findElement(RemoteWebDriver.java:315)
at org.openqa.selenium.By$BaseW3CLocator.findElement(By.java:399)
at org.openqa.selenium.By$ByXPath.findElement(By.java:279)
at org.openqa.selenium.remote.RemoteWebDriver.findElement(RemoteWebDriver.java:315)
at org.openqa.selenium.By$BaseW3CLocator.findElement(By.java:399)
at org.openqa.selenium.By$ByXPath.findElement(By.java:279)
at org.openqa.selenium.remote.RemoteWebDriver.findElement(RemoteWebDriver.java:315)
at org.openqa.selenium.By$BaseW3CLocator.findElement(By.java:399)
at org.openqa.selenium.By$ByXPath.findElement(By.java:279)
at org.openqa.selenium.remote.RemoteWebDriver.findElement(RemoteWebDriver.java:315)
at org.openqa.selenium.By$BaseW3CLocator.findElement(By.java:399)
at org.openqa.selenium.By$ByXPath.findElement(By.java:279)
at org.openqa.selenium.remote.RemoteWebDriver.findElement(RemoteWebDriver.java:315)
at org.openqa.selenium.By$BaseW3CLocator.findElement(By.java:399)
at org.openqa.selenium.By$ByXPath.findElement(By.java:279)
at org.openqa.selenium.remote.RemoteWebDriver.findElement(RemoteWebDriver.java:315)
at org.openqa.selenium.By$BaseW3CLocator.findElement(By.java:399)
at org.openqa.selenium.By$ByXPath.findElement(By.java:279)
at org.openqa.selenium.remote.RemoteWebDriver.findElement(RemoteWebDriver.java:315)
at org.openqa.selenium.By$BaseW3CLocator.findElement(By.java:399)
at org.openqa.selenium.By$ByXPath.findElement(By.java:279)
at org.openqa.selenium.remote.RemoteWebDriver.findElement(RemoteWebDriver.java:315)
at org.openqa.selenium.By$BaseW3CLocator.findElement(By.java:399)
at org.openqa.selenium.By$ByXPath.findElement(By.java:279)
at org.openqa.selenium.remote.RemoteWebDriver.findElement(RemoteWebDriver.java:315)
at org.openqa.selenium.By$BaseW3CLocator.findElement(By.java:399)
at org.openqa.selenium.By$ByXPath.findElement(By.java:279)
at org.openqa.selenium.remote.RemoteWebDriver.findElement(RemoteWebDriver.java:315)
at org.openqa.selenium.By$BaseW3CLocator.findElement(By.java:399)
at org.openqa.selenium.By$ByXPath.findElement(By.java:279)
at org.openqa.selenium.remote.RemoteWebDriver.findElement(RemoteWebDriver.java:315)
at org.openqa.selenium.By$BaseW3CLocator.findElement(By.java:399)
at org.openqa.selenium.By$ByXPath.findElement(By.java:279)
at org.openqa.selenium.remote.RemoteWebDriver.findElement(RemoteWebDriver.java:315)
at org.openqa.selenium.By$BaseW3CLocator.findElement(By.java:399)
at org.openqa.selenium.By$ByXPath.findElement(By.java:279)
at org.openqa.selenium.remote.RemoteWebDriver.findElement(RemoteWebDriver.java:315)
at org.openqa.selenium.By$BaseW3CLocator.findElement(By.java:399)
at org.openqa.selenium.By$ByXPath.findElement(By.java:279)
at org.openqa.selenium.remote.RemoteWebDriver.findElement(RemoteWebDriver.java:315)
at org.openqa.selenium.By$BaseW3CLocator.findElement(By.java:399)
at org.openqa.selenium.By$ByXPath.findElement(By.java:279)
at org.openqa.selenium.remote.RemoteWebDriver.findElement(RemoteWebDriver.java:315)
at org.openqa.selenium.By$BaseW3CLocator.findElement(By.java:399)
at org.openqa.selenium.By$ByXPath.findElement(By.java:279)
at org.openqa.selenium.remote.RemoteWebDriver.findElement(RemoteWebDriver.java:315)
at org.openqa.selenium.By$BaseW3CLocator.findElement(By.java:399)
at org.openqa.selenium.By$ByXPath.findElement(By.java:279)
at org.openqa.selenium.remote.RemoteWebDriver.findElement(RemoteWebDriver.java:315)
at org.openqa.selenium.By$BaseW3CLocator.findElement(By.java:399)
at org.openqa.selenium.By$ByXPath.findElement(By.java:279)
at org.openqa.selenium.remote.RemoteWebDriver.findElement(RemoteWebDriver.java:315)
at org.openqa.selenium.By$BaseW3CLocator.findElement(By.java:399)
at org.openqa.selenium.By$ByXPath.findElement(By.java:279)
at org.openqa.selenium.remote.RemoteWebDriver.findElement(RemoteWebDriver.java:315)
at org.openqa.selenium.By$BaseW3CLocator.findElement(By.java:399)
at org.openqa.selenium.By$ByXPath.findElement(By.java:279)
at org.openqa.selenium.remote.RemoteWebDriver.findElement(RemoteWebDriver.java:315)
at org.openqa.selenium.By$BaseW3CLocator.findElement(By.java:399)
at org.openqa.selenium.By$ByXPath.findElement(By.java:279)
at org.openqa.selenium.remote.RemoteWebDriver.findElement(RemoteWebDriver.java:315)
at org.openqa.selenium.By$BaseW3CLocator.findElement(By.java:399)
at org.openqa.selenium.By$ByXPath.findElement(By.java:279)
at org.openqa.selenium.remote.RemoteWebDriver.findElement(RemoteWebDriver.java:315)
at org.openqa.selenium.By$BaseW3CLocator.findElement(By.java:399)
at org.openqa.selenium.By$ByXPath.findElement(By.java:279)
at org.openqa.selenium.remote.RemoteWebDriver.findElement(RemoteWebDriver.java:315)
at org.openqa.selenium.By$BaseW3CLocator.findElement(By.java:399)
at org.openqa.selenium.By$ByXPath.findElement(By.java:279)
at org.openqa.selenium.remote.RemoteWebDriver.findElement(RemoteWebDriver.java:315)
at org.openqa.selenium.By$BaseW3CLocator.findElement(By.java:399)
at org.openqa.selenium.By$ByXPath.findElement(By.java:279)
at org.openqa.selenium.remote.RemoteWebDriver.findElement(RemoteWebDriver.java:315)
at org.openqa.selenium.By$BaseW3CLocator.findElement(By.java:399)
at org.openqa.selenium.By$ByXPath.findElement(By.java:279)
at org.openqa.selenium.remote.RemoteWebDriver.findElement(RemoteWebDriver.java:315)
at org.openqa.selenium.By$BaseW3CLocator.findElement(By.java:399)
at org.openqa.selenium.By$ByXPath.findElement(By.java:279)
at org.openqa.selenium.remote.RemoteWebDriver.findElement(RemoteWebDriver.java:315)
at org.openqa.selenium.By$BaseW3CLocator.findElement(By.java:399)
at org.openqa.selenium.By$ByXPath.findElement(By.java:279)
at org.openqa.selenium.remote.RemoteWebDriver.findElement(RemoteWebDriver.java:315)
at org.openqa.selenium.By$BaseW3CLocator.findElement(By.java:399)
at org.openqa.selenium.By$ByXPath.findElement(By.java:279)
at org.openqa.selenium.remote.RemoteWebDriver.findElement(RemoteWebDriver.java:315)
at org.openqa.selenium.By$BaseW3CLocator.findElement(By.java:399)
at org.openqa.selenium.By$ByXPath.findElement(By.java:279)
at org.openqa.selenium.remote.RemoteWebDriver.findElement(RemoteWebDriver.java:315)
at org.openqa.selenium.By$BaseW3CLocator.findElement(By.java:399)
at org.openqa.selenium.By$ByXPath.findElement(By.java:279)
at org.openqa.selenium.remote.RemoteWebDriver.findElement(RemoteWebDriver.java:315)
at org.openqa.selenium.By$BaseW3CLocator.findElement(By.java:399)
at org.openqa.selenium.By$ByXPath.findElement(By.java:279)
at org.openqa.selenium.remote.RemoteWebDriver.findElement(RemoteWebDriver.java:315)
at org.openqa.selenium.By$BaseW3CLocator.findElement(By.java:399)
at org.openqa.selenium.By$ByXPath.findElement(By.java:279)
at org.openqa.selenium.remote.RemoteWebDriver.findElement(RemoteWebDriver.java:315)
at org.openqa.selenium.By$BaseW3CLocator.findElement(By.java:399)
at org.openqa.selenium.By$ByXPath.findElement(By.java:279)
at org.openqa.selenium.remote.RemoteWebDriver.findElement(RemoteWebDriver.java:315)
at org.openqa.selenium.By$BaseW3CLocator.findElement(By.java:399)
at org.openqa.selenium.By$ByXPath.findElement(By.java:279)
at org.openqa.selenium.remote.RemoteWebDriver.findElement(RemoteWebDriver.java:315)
at org.openqa.selenium.By$BaseW3CLocator.findElement(By.java:399)
at org.openqa.selenium.By$ByXPath.findElement(By.java:279)
at org.openqa.selenium.remote.RemoteWebDriver.findElement(RemoteWebDriver.java:315)
at org.openqa.selenium.By$BaseW3CLocator.findElement(By.java:399)
at org.openqa.selenium.By$ByXPath.findElement(By.java:279)
at org.openqa.selenium.remote.RemoteWebDriver.findElement(RemoteWebDriver.java:315)
at org.openqa.selenium.By$BaseW3CLocator.findElement(By.java:399)
at org.openqa.selenium.By$ByXPath.findElement(By.java:279)
at org.openqa.selenium.remote.RemoteWebDriver.findElement(RemoteWebDriver.java:315)
at org.openqa.selenium.By$BaseW3CLocator.findElement(By.java:399)
at org.openqa.selenium.By$ByXPath.findElement(By.java:279)
at org.openqa.selenium.remote.RemoteWebDriver.findElement(RemoteWebDriver.java:315)
at org.openqa.selenium.By$BaseW3CLocator.findElement(By.java:399)
at org.openqa.selenium.By$ByXPath.findElement(By.java:279)
at org.openqa.selenium.remote.RemoteWebDriver.findElement(RemoteWebDriver.java:315)
at org.openqa.selenium.By$BaseW3CLocator.findElement(By.java:399)
at org.openqa.selenium.By$ByXPath.findElement(By.java:279)
at org.openqa.selenium.remote.RemoteWebDriver.findElement(RemoteWebDriver.java:315)
at org.openqa.selenium.By$BaseW3CLocator.findElement(By.java:399)
at org.openqa.selenium.By$ByXPath.findElement(By.java:279)
at org.openqa.selenium.remote.RemoteWebDriver.findElement(RemoteWebDriver.java:315)
at org.openqa.selenium.By$BaseW3CLocator.findElement(By.java:399)
at org.openqa.selenium.By$ByXPath.findElement(By.java:279)
at org.openqa.selenium.remote.RemoteWebDriver.findElement(RemoteWebDriver.java:315)
at org.openqa.selenium.By$BaseW3CLocator.findElement(By.java:399)
at org.openqa.selenium.By$ByXPath.findElement(By.java:279)
at org.openqa.selenium.remote.RemoteWebDriver.findElement(RemoteWebDriver.java:315)
at org.openqa.selenium.By$BaseW3CLocator.findElement(By.java:399)
at org.openqa.selenium.By$ByXPath.findElement(By.java:279)
at org.openqa.selenium.remote.RemoteWebDriver.findElement(RemoteWebDriver.java:315)
at org.openqa.selenium.By$BaseW3CLocator.findElement(By.java:399)
at org.openqa.selenium.By$ByXPath.findElement(By.java:279)
at org.openqa.selenium.remote.RemoteWebDriver.findElement(RemoteWebDriver.java:315)
at org.openqa.selenium.By$BaseW3CLocator.findElement(By.java:399)
at org.openqa.selenium.By$ByXPath.findElement(By.java:279)
at org.openqa.selenium.remote.RemoteWebDriver.findElement(RemoteWebDriver.java:315)
at org.openqa.selenium.By$BaseW3CLocator.findElement(By.java:399)
at org.openqa.selenium.By$ByXPath.findElement(By.java:279)
at org.openqa.selenium.remote.RemoteWebDriver.findElement(RemoteWebDriver.java:315)
at org.openqa.selenium.By$BaseW3CLocator.findElement(By.java:399)
at org.openqa.selenium.By$ByXPath.findElement(By.java:279)
at org.openqa.selenium.remote.RemoteWebDriver.findElement(RemoteWebDriver.java:315)
at org.openqa.selenium.By$BaseW3CLocator.findElement(By.java:399)
at org.openqa.selenium.By$ByXPath.findElement(By.java:279)
at org.openqa.selenium.remote.RemoteWebDriver.findElement(RemoteWebDriver.java:315)
at org.openqa.selenium.By$BaseW3CLocator.findElement(By.java:399)
at org.openqa.selenium.By$ByXPath.findElement(By.java:279)
at org.openqa.selenium.remote.RemoteWebDriver.findElement(RemoteWebDriver.java:315)
at org.openqa.selenium.By$BaseW3CLocator.findElement(By.java:399)
at org.openqa.selenium.By$ByXPath.findElement(By.java:279)
at org.openqa.selenium.remote.RemoteWebDriver.findElement(RemoteWebDriver.java:315)
at org.openqa.selenium.By$BaseW3CLocator.findElement(By.java:399)
at org.openqa.selenium.By$ByXPath.findElement(By.java:279)
at org.openqa.selenium.remote.RemoteWebDriver.findElement(RemoteWebDriver.java:315)
at org.openqa.selenium.By$BaseW3CLocator.findElement(By.java:399)
at org.openqa.selenium.By$ByXPath.findElement(By.java:279)
at org.openqa.selenium.remote.RemoteWebDriver.findElement(RemoteWebDriver.java:315)
at org.openqa.selenium.By$BaseW3CLocator.findElement(By.java:399)
at org.openqa.selenium.By$ByXPath.findElement(By.java:279)
at org.openqa.selenium.remote.RemoteWebDriver.findElement(RemoteWebDriver.java:315)
at org.openqa.selenium.By$BaseW3CLocator.findElement(By.java:399)
at org.openqa.selenium.By$ByXPath.findElement(By.java:279)
at org.openqa.selenium.remote.RemoteWebDriver.findElement(RemoteWebDriver.java:315)
at org.openqa.selenium.By$BaseW3CLocator.findElement(By.java:399)
at org.openqa.selenium.By$ByXPath.findElement(By.java:279)
at org.openqa.selenium.remote.RemoteWebDriver.findElement(RemoteWebDriver.java:315)
at org.openqa.selenium.By$BaseW3CLocator.findElement(By.java:399)
at org.openqa.selenium.By$ByXPath.findElement(By.java:279)
at org.openqa.selenium.remote.RemoteWebDriver.findElement(RemoteWebDriver.java:315)
at org.openqa.selenium.By$BaseW3CLocator.findElement(By.java:399)
at org.openqa.selenium.By$ByXPath.findElement(By.java:279)
at org.openqa.selenium.remote.RemoteWebDriver.findElement(RemoteWebDriver.java:315)
at org.openqa.selenium.By$BaseW3CLocator.findElement(By.java:399)
at org.openqa.selenium.By$ByXPath.findElement(By.java:279)
at org.openqa.selenium.remote.RemoteWebDriver.findElement(RemoteWebDriver.java:315)
at org.openqa.selenium.By$BaseW3CLocator.findElement(By.java:399)
at org.openqa.selenium.By$ByXPath.findElement(By.java:279)
at org.openqa.selenium.remote.RemoteWebDriver.findElement(RemoteWebDriver.java:315)
at org.openqa.selenium.By$BaseW3CLocator.findElement(By.java:399)
at org.openqa.selenium.By$ByXPath.findElement(By.java:279)
at org.openqa.selenium.remote.RemoteWebDriver.findElement(RemoteWebDriver.java:315)
at org.openqa.selenium.By$BaseW3CLocator.findElement(By.java:399)
at org.openqa.selenium.By$ByXPath.findElement(By.java:279)
at org.openqa.selenium.remote.RemoteWebDriver.findElement(RemoteWebDriver.java:315)
at org.openqa.selenium.By$BaseW3CLocator.findElement(By.java:399)
at org.openqa.selenium.By$ByXPath.findElement(By.java:279)
at org.openqa.selenium.remote.RemoteWebDriver.findElement(RemoteWebDriver.java:315)
at org.openqa.selenium.By$BaseW3CLocator.findElement(By.java:399)
at org.openqa.selenium.By$ByXPath.findElement(By.java:279)
at org.openqa.selenium.remote.RemoteWebDriver.findElement(RemoteWebDriver.java:315)
at org.openqa.selenium.By$BaseW3CLocator.findElement(By.java:399)
at org.openqa.selenium.By$ByXPath.findElement(By.java:279)
at org.openqa.selenium.remote.RemoteWebDriver.findElement(RemoteWebDriver.java:315)
at org.openqa.selenium.By$BaseW3CLocator.findElement(By.java:399)
at org.openqa.selenium.By$ByXPath.findElement(By.java:279)
at org.openqa.selenium.remote.RemoteWebDriver.findElement(RemoteWebDriver.java:315)
at org.openqa.selenium.By$BaseW3CLocator.findElement(By.java:399)
at org.openqa.selenium.By$ByXPath.findElement(By.java:279)
at org.openqa.selenium.remote.RemoteWebDriver.findElement(RemoteWebDriver.java:315)
at org.openqa.selenium.By$BaseW3CLocator.findElement(By.java:399)
at org.openqa.selenium.By$ByXPath.findElement(By.java:279)
at org.openqa.selenium.remote.RemoteWebDriver.findElement(RemoteWebDriver.java:315)
at org.openqa.selenium.By$BaseW3CLocator.findElement(By.java:399)
at org.openqa.selenium.By$ByXPath.findElement(By.java:279)
at org.openqa.selenium.remote.RemoteWebDriver.findElement(RemoteWebDriver.java:315)
at org.openqa.selenium.By$BaseW3CLocator.findElement(By.java:399)
at org.openqa.selenium.By$ByXPath.findElement(By.java:279)
at org.openqa.selenium.remote.RemoteWebDriver.findElement(RemoteWebDriver.java:315)
at org.openqa.selenium.By$BaseW3CLocator.findElement(By.java:399)
at org.openqa.selenium.By$ByXPath.findElement(By.java:279)
at org.openqa.selenium.remote.RemoteWebDriver.findElement(RemoteWebDriver.java:315)
at org.openqa.selenium.By$BaseW3CLocator.findElement(By.java:399)
at org.openqa.selenium.By$ByXPath.findElement(By.java:279)
at org.openqa.selenium.remote.RemoteWebDriver.findElement(RemoteWebDriver.java:315)
at org.openqa.selenium.By$BaseW3CLocator.findElement(By.java:399)
at org.openqa.selenium.By$ByXPath.findElement(By.java:279)
at org.openqa.selenium.remote.RemoteWebDriver.findElement(RemoteWebDriver.java:315)
at org.openqa.selenium.By$BaseW3CLocator.findElement(By.java:399)
at org.openqa.selenium.By$ByXPath.findElement(By.java:279)
at org.openqa.selenium.remote.RemoteWebDriver.findElement(RemoteWebDriver.java:315)
at org.openqa.selenium.By$BaseW3CLocator.findElement(By.java:399)
at org.openqa.selenium.By$ByXPath.findElement(By.java:279)
at org.openqa.selenium.remote.RemoteWebDriver.findElement(RemoteWebDriver.java:315)
at org.openqa.selenium.By$BaseW3CLocator.findElement(By.java:399)
at org.openqa.selenium.By$ByXPath.findElement(By.java:279)
at org.openqa.selenium.remote.RemoteWebDriver.findElement(RemoteWebDriver.java:315)
at org.openqa.selenium.By$BaseW3CLocator.findElement(By.java:399)
at org.openqa.selenium.By$ByXPath.findElement(By.java:279)
at org.openqa.selenium.remote.RemoteWebDriver.findElement(RemoteWebDriver.java:315)
at org.openqa.selenium.By$BaseW3CLocator.findElement(By.java:399)
at org.openqa.selenium.By$ByXPath.findElement(By.java:279)
at org.openqa.selenium.remote.RemoteWebDriver.findElement(RemoteWebDriver.java:315)
]]>
            </full-stacktrace>
          </exception> <!-- java.lang.StackOverflowError -->
          <reporter-output>
          </reporter-output>
        </test-method> <!-- main -->
      </class> <!-- RMS.RMS -->
    </test> <!-- Default test -->
  </suite> <!-- Default suite -->
</testng-results>
